13:12:44 **** Incremental Build of configuration debug for project inet ****
make MODE=debug -j20 all 
make[1]: Entering directory '/home/michael/5GTQ/inet/src'
*** CCACHE not detected - using precompiled headers
*** COMPILING with:
clang++ -c  -O0 -Wall -glldb -fstandalone-debug   -MMD -MP -MF .d  -fPIC  -Wno-deprecated-register -Wno-unused-function -fno-omit-frame-pointer -DHAVE_SWAPCONTEXT -DWITH_QTENV -DWITH_NETBUILDER  -Wno-overloaded-virtual -include inet/common/precompiled_debug.h -DOMNETPPLIBS_IMPORT -DINET_EXPORT -I. -I/home/michael/omnetpp-6.0/include
*** LINKING with:
clang++ -shared -fPIC -o ../out/clang-debug/src/libINET_dbg.so -Wl,--no-as-needed -Wl,--whole-archive  -Wl,--no-whole-archive -loppenvir_dbg -loppsim_dbg -lstdc++    -fuse-ld=lld -Wl,-rpath,/home/michael/omnetpp-6.0/lib -Wl,-rpath,/home/michael/omnetpp-6.0/tools/linux.x86_64/lib -Wl,-rpath,.  -Wl,--export-dynamic -L/home/michael/omnetpp-6.0/lib 
Building...
make[1]: Nothing to be done for 'all-pch'.
make[1]: Leaving directory '/home/michael/5GTQ/inet/src'
13:12:45 **** Incremental Build of configuration gcc-debug for project Simu5G ****
make MODE=debug -j20 all 
make[1]: Entering directory '/home/michael/5GTQ/Simu5G/src'
make[1]: Nothing to be done for 'all'.
make[1]: Leaving directory '/home/michael/5GTQ/Simu5G/src'
13:12:46 **** Incremental Build of configuration debug for project tsnfivegcomm ****
make MODE=debug all 
make[1]: Entering directory '/home/michael/5GTQ/tsnfivegcomm/src'
make[1]: Nothing to be done for 'all'.
make[1]: Leaving directory '/home/michael/5GTQ/tsnfivegcomm/src'
13:12:46 **** Incremental Build of configuration debug for project CQFscheduler ****
make MODE=debug all 
cd src && make all
make[1]: Entering directory '/home/michael/5GTQ/CQFscheduler/src'
NRAmcpub.cc
Creating executable: ../out/clang-debug/src/CQFscheduler_dbg
make[1]: Leaving directory '/home/michael/5GTQ/CQFscheduler/src'
Creating executable: out/clang-debug//CQFscheduler_dbg
13:14:06 **** Incremental Build of configuration debug for project CQFscheduler ****
make MODE=debug all 
cd src && make all
make[1]: Entering directory '/home/michael/5GTQ/CQFscheduler/src'
make[1]: Nothing to be done for 'all'.
make[1]: Leaving directory '/home/michael/5GTQ/CQFscheduler/src'
Creating executable: out/clang-debug//CQFscheduler_dbg
13:00:33 **** Incremental Build of configuration debug for project inet ****
make MODE=debug -j20 all 
make[1]: Entering directory '/home/michael/5GTQ/inet/src'
*** CCACHE not detected - using precompiled headers
*** COMPILING with:
clang++ -c  -O0 -Wall -glldb -fstandalone-debug   -MMD -MP -MF .d  -fPIC  -Wno-deprecated-register -Wno-unused-function -fno-omit-frame-pointer -DHAVE_SWAPCONTEXT -DWITH_QTENV -DWITH_NETBUILDER  -Wno-overloaded-virtual -include inet/common/precompiled_debug.h -DOMNETPPLIBS_IMPORT -DINET_EXPORT -I. -I/home/michael/omnetpp-6.0/include
*** LINKING with:
clang++ -shared -fPIC -o ../out/clang-debug/src/libINET_dbg.so -Wl,--no-as-needed -Wl,--whole-archive  -Wl,--no-whole-archive -loppenvir_dbg -loppsim_dbg -lstdc++    -fuse-ld=lld -Wl,-rpath,/home/michael/omnetpp-6.0/lib -Wl,-rpath,/home/michael/omnetpp-6.0/tools/linux.x86_64/lib -Wl,-rpath,.  -Wl,--export-dynamic -L/home/michael/omnetpp-6.0/lib 
Building...
make[1]: Nothing to be done for 'all-pch'.
make[1]: Leaving directory '/home/michael/5GTQ/inet/src'
13:00:35 **** Incremental Build of configuration gcc-debug for project Simu5G ****
make MODE=debug -j20 all 
make[1]: Entering directory '/home/michael/5GTQ/Simu5G/src'
common/binder/Binder.cc
stack/mac/amc/NRAmc.cc
In file included from common/binder/Binder.cc:23:
In file included from ./stack/mac/layer/LteMacUe.h:16:
In file included from ./stack/phy/layer/LtePhyBase.h:26:
In file included from ./stack/mac/layer/LteMacEnb.h:20:
./stack/sdap/utils/QosHandler.h:301:11: warning: variable 'qfi' set but not used [-Wunused-but-set-variable]
        auto qfi = 1;
             ^
./stack/sdap/utils/QosHandler.h:472:18: warning: 'QosHandlerUE::initialize' hides overloaded virtual function [-Woverloaded-virtual]
    virtual void initialize(int stage);
                 ^
./stack/sdap/utils/QosHandler.h:466:18: note: hidden overloaded virtual function 'QosHandler::initialize' declared here: different number of parameters (0 vs 1)
    virtual void initialize() override;
                 ^
./stack/sdap/utils/QosHandler.h:479:18: warning: 'QosHandlerGNB::initialize' hides overloaded virtual function [-Woverloaded-virtual]
    virtual void initialize(int stage);
                 ^
./stack/sdap/utils/QosHandler.h:466:18: note: hidden overloaded virtual function 'QosHandler::initialize' declared here: different number of parameters (0 vs 1)
    virtual void initialize() override;
                 ^
./stack/sdap/utils/QosHandler.h:486:18: warning: 'QosHandlerUPF::initialize' hides overloaded virtual function [-Woverloaded-virtual]
    virtual void initialize(int stage);
                 ^
./stack/sdap/utils/QosHandler.h:466:18: note: hidden overloaded virtual function 'QosHandler::initialize' declared here: different number of parameters (0 vs 1)
    virtual void initialize() override;
                 ^
4 warnings generated.
Creating shared library: ../out/clang-debug/src/libsimu5g_dbg.so
make[1]: Leaving directory '/home/michael/5GTQ/Simu5G/src'
13:00:40 **** Incremental Build of configuration debug for project tsnfivegcomm ****
make MODE=debug all 
make[1]: Entering directory '/home/michael/5GTQ/tsnfivegcomm/src'
make[1]: Nothing to be done for 'all'.
make[1]: Leaving directory '/home/michael/5GTQ/tsnfivegcomm/src'
13:02:52 **** Incremental Build of configuration debug for project inet ****
make MODE=debug -j20 all 
make[1]: Entering directory '/home/michael/5GTQ/inet/src'
*** CCACHE not detected - using precompiled headers
*** COMPILING with:
clang++ -c  -O0 -Wall -glldb -fstandalone-debug   -MMD -MP -MF .d  -fPIC  -Wno-deprecated-register -Wno-unused-function -fno-omit-frame-pointer -DHAVE_SWAPCONTEXT -DWITH_QTENV -DWITH_NETBUILDER  -Wno-overloaded-virtual -include inet/common/precompiled_debug.h -DOMNETPPLIBS_IMPORT -DINET_EXPORT -I. -I/home/michael/omnetpp-6.0/include
*** LINKING with:
clang++ -shared -fPIC -o ../out/clang-debug/src/libINET_dbg.so -Wl,--no-as-needed -Wl,--whole-archive  -Wl,--no-whole-archive -loppenvir_dbg -loppsim_dbg -lstdc++    -fuse-ld=lld -Wl,-rpath,/home/michael/omnetpp-6.0/lib -Wl,-rpath,/home/michael/omnetpp-6.0/tools/linux.x86_64/lib -Wl,-rpath,.  -Wl,--export-dynamic -L/home/michael/omnetpp-6.0/lib 
Building...
make[1]: Nothing to be done for 'all-pch'.
make[1]: Leaving directory '/home/michael/5GTQ/inet/src'
13:02:54 **** Incremental Build of configuration gcc-debug for project Simu5G ****
make MODE=debug -j20 all 
make[1]: Entering directory '/home/michael/5GTQ/Simu5G/src'
common/binder/Binder.cc
In file included from common/binder/Binder.cc:23:
In file included from ./stack/mac/layer/LteMacUe.h:16:
In file included from ./stack/phy/layer/LtePhyBase.h:26:
In file included from ./stack/mac/layer/LteMacEnb.h:20:
./stack/sdap/utils/QosHandler.h:301:11: warning: variable 'qfi' set but not used [-Wunused-but-set-variable]
        auto qfi = 1;
             ^
./stack/sdap/utils/QosHandler.h:472:18: warning: 'QosHandlerUE::initialize' hides overloaded virtual function [-Woverloaded-virtual]
    virtual void initialize(int stage);
                 ^
./stack/sdap/utils/QosHandler.h:466:18: note: hidden overloaded virtual function 'QosHandler::initialize' declared here: different number of parameters (0 vs 1)
    virtual void initialize() override;
                 ^
./stack/sdap/utils/QosHandler.h:479:18: warning: 'QosHandlerGNB::initialize' hides overloaded virtual function [-Woverloaded-virtual]
    virtual void initialize(int stage);
                 ^
./stack/sdap/utils/QosHandler.h:466:18: note: hidden overloaded virtual function 'QosHandler::initialize' declared here: different number of parameters (0 vs 1)
    virtual void initialize() override;
                 ^
./stack/sdap/utils/QosHandler.h:486:18: warning: 'QosHandlerUPF::initialize' hides overloaded virtual function [-Woverloaded-virtual]
    virtual void initialize(int stage);
                 ^
./stack/sdap/utils/QosHandler.h:466:18: note: hidden overloaded virtual function 'QosHandler::initialize' declared here: different number of parameters (0 vs 1)
    virtual void initialize() override;
                 ^
4 warnings generated.
Creating shared library: ../out/clang-debug/src/libsimu5g_dbg.so
make[1]: Leaving directory '/home/michael/5GTQ/Simu5G/src'
13:02:59 **** Incremental Build of configuration debug for project tsnfivegcomm ****
make MODE=debug all 
make[1]: Entering directory '/home/michael/5GTQ/tsnfivegcomm/src'
make[1]: Nothing to be done for 'all'.
make[1]: Leaving directory '/home/michael/5GTQ/tsnfivegcomm/src'
13:35:08 **** Incremental Build of configuration debug for project inet ****
make MODE=debug -j20 all 
make[1]: Entering directory '/home/michael/5GTQ/inet/src'
*** CCACHE not detected - using precompiled headers
*** COMPILING with:
clang++ -c  -O0 -Wall -glldb -fstandalone-debug   -MMD -MP -MF .d  -fPIC  -Wno-deprecated-register -Wno-unused-function -fno-omit-frame-pointer -DHAVE_SWAPCONTEXT -DWITH_QTENV -DWITH_NETBUILDER  -Wno-overloaded-virtual -include inet/common/precompiled_debug.h -DOMNETPPLIBS_IMPORT -DINET_EXPORT -I. -I/home/michael/omnetpp-6.0/include
*** LINKING with:
clang++ -shared -fPIC -o ../out/clang-debug/src/libINET_dbg.so -Wl,--no-as-needed -Wl,--whole-archive  -Wl,--no-whole-archive -loppenvir_dbg -loppsim_dbg -lstdc++    -fuse-ld=lld -Wl,-rpath,/home/michael/omnetpp-6.0/lib -Wl,-rpath,/home/michael/omnetpp-6.0/tools/linux.x86_64/lib -Wl,-rpath,.  -Wl,--export-dynamic -L/home/michael/omnetpp-6.0/lib 
Building...
make[1]: Nothing to be done for 'all-pch'.
make[1]: Leaving directory '/home/michael/5GTQ/inet/src'
13:35:10 **** Incremental Build of configuration gcc-debug for project Simu5G ****
make MODE=debug -j20 all 
make[1]: Entering directory '/home/michael/5GTQ/Simu5G/src'
stack/mac/amc/AmcPilotAuto.cc
Creating shared library: ../out/clang-debug/src/libsimu5g_dbg.so
make[1]: Leaving directory '/home/michael/5GTQ/Simu5G/src'
13:35:14 **** Incremental Build of configuration debug for project tsnfivegcomm ****
make MODE=debug all 
make[1]: Entering directory '/home/michael/5GTQ/tsnfivegcomm/src'
make[1]: Nothing to be done for 'all'.
make[1]: Leaving directory '/home/michael/5GTQ/tsnfivegcomm/src'
12:20:16 **** Incremental Build of configuration debug for project inet ****
make MODE=debug -j20 all 
make[1]: Entering directory '/home/michael/5GTQ/inet/src'
*** CCACHE not detected - using precompiled headers
*** COMPILING with:
clang++ -c  -O0 -Wall -glldb -fstandalone-debug   -MMD -MP -MF .d  -fPIC  -Wno-deprecated-register -Wno-unused-function -fno-omit-frame-pointer -DHAVE_SWAPCONTEXT -DWITH_QTENV -DWITH_NETBUILDER  -Wno-overloaded-virtual -include inet/common/precompiled_debug.h -DOMNETPPLIBS_IMPORT -DINET_EXPORT -I. -I/home/michael/omnetpp-6.0/include
*** LINKING with:
clang++ -shared -fPIC -o ../out/clang-debug/src/libINET_dbg.so -Wl,--no-as-needed -Wl,--whole-archive  -Wl,--no-whole-archive -loppenvir_dbg -loppsim_dbg -lstdc++    -fuse-ld=lld -Wl,-rpath,/home/michael/omnetpp-6.0/lib -Wl,-rpath,/home/michael/omnetpp-6.0/tools/linux.x86_64/lib -Wl,-rpath,.  -Wl,--export-dynamic -L/home/michael/omnetpp-6.0/lib 
Building...
make[1]: Nothing to be done for 'all-pch'.
make[1]: Leaving directory '/home/michael/5GTQ/inet/src'
12:20:18 **** Incremental Build of configuration gcc-debug for project Simu5G ****
make MODE=debug -j20 all 
make[1]: Entering directory '/home/michael/5GTQ/Simu5G/src'
stack/mac/amc/AmcPilotAuto.cc
Creating shared library: ../out/clang-debug/src/libsimu5g_dbg.so
make[1]: Leaving directory '/home/michael/5GTQ/Simu5G/src'
12:20:22 **** Incremental Build of configuration debug for project tsnfivegcomm ****
make MODE=debug all 
make[1]: Entering directory '/home/michael/5GTQ/tsnfivegcomm/src'
make[1]: Nothing to be done for 'all'.
make[1]: Leaving directory '/home/michael/5GTQ/tsnfivegcomm/src'
12:31:51 **** Incremental Build of configuration debug for project inet ****
make MODE=debug -j20 all 
make[1]: Entering directory '/home/michael/5GTQ/inet/src'
*** CCACHE not detected - using precompiled headers
*** COMPILING with:
clang++ -c  -O0 -Wall -glldb -fstandalone-debug   -MMD -MP -MF .d  -fPIC  -Wno-deprecated-register -Wno-unused-function -fno-omit-frame-pointer -DHAVE_SWAPCONTEXT -DWITH_QTENV -DWITH_NETBUILDER  -Wno-overloaded-virtual -include inet/common/precompiled_debug.h -DOMNETPPLIBS_IMPORT -DINET_EXPORT -I. -I/home/michael/omnetpp-6.0/include
*** LINKING with:
clang++ -shared -fPIC -o ../out/clang-debug/src/libINET_dbg.so -Wl,--no-as-needed -Wl,--whole-archive  -Wl,--no-whole-archive -loppenvir_dbg -loppsim_dbg -lstdc++    -fuse-ld=lld -Wl,-rpath,/home/michael/omnetpp-6.0/lib -Wl,-rpath,/home/michael/omnetpp-6.0/tools/linux.x86_64/lib -Wl,-rpath,.  -Wl,--export-dynamic -L/home/michael/omnetpp-6.0/lib 
Building...
make[1]: Nothing to be done for 'all-pch'.
make[1]: Leaving directory '/home/michael/5GTQ/inet/src'
12:31:52 **** Incremental Build of configuration gcc-debug for project Simu5G ****
make MODE=debug -j20 all 
make[1]: Entering directory '/home/michael/5GTQ/Simu5G/src'
make[1]: Nothing to be done for 'all'.
make[1]: Leaving directory '/home/michael/5GTQ/Simu5G/src'
12:31:53 **** Incremental Build of configuration debug for project tsnfivegcomm ****
make MODE=debug all 
make[1]: Entering directory '/home/michael/5GTQ/tsnfivegcomm/src'
make[1]: Nothing to be done for 'all'.
make[1]: Leaving directory '/home/michael/5GTQ/tsnfivegcomm/src'
12:38:48 **** Incremental Build of configuration debug for project inet ****
make MODE=debug -j20 all 
make[1]: Entering directory '/home/michael/5GTQ/inet/src'
*** CCACHE not detected - using precompiled headers
*** COMPILING with:
clang++ -c  -O0 -Wall -glldb -fstandalone-debug   -MMD -MP -MF .d  -fPIC  -Wno-deprecated-register -Wno-unused-function -fno-omit-frame-pointer -DHAVE_SWAPCONTEXT -DWITH_QTENV -DWITH_NETBUILDER  -Wno-overloaded-virtual -include inet/common/precompiled_debug.h -DOMNETPPLIBS_IMPORT -DINET_EXPORT -I. -I/home/michael/omnetpp-6.0/include
*** LINKING with:
clang++ -shared -fPIC -o ../out/clang-debug/src/libINET_dbg.so -Wl,--no-as-needed -Wl,--whole-archive  -Wl,--no-whole-archive -loppenvir_dbg -loppsim_dbg -lstdc++    -fuse-ld=lld -Wl,-rpath,/home/michael/omnetpp-6.0/lib -Wl,-rpath,/home/michael/omnetpp-6.0/tools/linux.x86_64/lib -Wl,-rpath,.  -Wl,--export-dynamic -L/home/michael/omnetpp-6.0/lib 
Building...
make[1]: Nothing to be done for 'all-pch'.
make[1]: Leaving directory '/home/michael/5GTQ/inet/src'
12:38:50 **** Incremental Build of configuration gcc-debug for project Simu5G ****
make MODE=debug -j20 all 
make[1]: Entering directory '/home/michael/5GTQ/Simu5G/src'
stack/mac/amc/NRAmc.cc
Creating shared library: ../out/clang-debug/src/libsimu5g_dbg.so
make[1]: Leaving directory '/home/michael/5GTQ/Simu5G/src'
12:38:53 **** Incremental Build of configuration debug for project tsnfivegcomm ****
make MODE=debug all 
make[1]: Entering directory '/home/michael/5GTQ/tsnfivegcomm/src'
make[1]: Nothing to be done for 'all'.
make[1]: Leaving directory '/home/michael/5GTQ/tsnfivegcomm/src'
12:46:12 **** Incremental Build of configuration debug for project inet ****
make MODE=debug -j20 all 
make[1]: Entering directory '/home/michael/5GTQ/inet/src'
*** CCACHE not detected - using precompiled headers
*** COMPILING with:
clang++ -c  -O0 -Wall -glldb -fstandalone-debug   -MMD -MP -MF .d  -fPIC  -Wno-deprecated-register -Wno-unused-function -fno-omit-frame-pointer -DHAVE_SWAPCONTEXT -DWITH_QTENV -DWITH_NETBUILDER  -Wno-overloaded-virtual -include inet/common/precompiled_debug.h -DOMNETPPLIBS_IMPORT -DINET_EXPORT -I. -I/home/michael/omnetpp-6.0/include
*** LINKING with:
clang++ -shared -fPIC -o ../out/clang-debug/src/libINET_dbg.so -Wl,--no-as-needed -Wl,--whole-archive  -Wl,--no-whole-archive -loppenvir_dbg -loppsim_dbg -lstdc++    -fuse-ld=lld -Wl,-rpath,/home/michael/omnetpp-6.0/lib -Wl,-rpath,/home/michael/omnetpp-6.0/tools/linux.x86_64/lib -Wl,-rpath,.  -Wl,--export-dynamic -L/home/michael/omnetpp-6.0/lib 
Building...
make[1]: Nothing to be done for 'all-pch'.
make[1]: Leaving directory '/home/michael/5GTQ/inet/src'
12:46:13 **** Incremental Build of configuration gcc-debug for project Simu5G ****
make MODE=debug -j20 all 
make[1]: Entering directory '/home/michael/5GTQ/Simu5G/src'
stack/mac/amc/NRAmc.cc
Creating shared library: ../out/clang-debug/src/libsimu5g_dbg.so
make[1]: Leaving directory '/home/michael/5GTQ/Simu5G/src'
12:46:16 **** Incremental Build of configuration debug for project tsnfivegcomm ****
make MODE=debug all 
make[1]: Entering directory '/home/michael/5GTQ/tsnfivegcomm/src'
make[1]: Nothing to be done for 'all'.
make[1]: Leaving directory '/home/michael/5GTQ/tsnfivegcomm/src'
13:21:36 **** Incremental Build of configuration debug for project inet ****
make MODE=debug -j20 all 
make[1]: Entering directory '/home/michael/5GTQ/inet/src'
*** CCACHE not detected - using precompiled headers
*** COMPILING with:
clang++ -c  -O0 -Wall -glldb -fstandalone-debug   -MMD -MP -MF .d  -fPIC  -Wno-deprecated-register -Wno-unused-function -fno-omit-frame-pointer -DHAVE_SWAPCONTEXT -DWITH_QTENV -DWITH_NETBUILDER  -Wno-overloaded-virtual -include inet/common/precompiled_debug.h -DOMNETPPLIBS_IMPORT -DINET_EXPORT -I. -I/home/michael/omnetpp-6.0/include
*** LINKING with:
clang++ -shared -fPIC -o ../out/clang-debug/src/libINET_dbg.so -Wl,--no-as-needed -Wl,--whole-archive  -Wl,--no-whole-archive -loppenvir_dbg -loppsim_dbg -lstdc++    -fuse-ld=lld -Wl,-rpath,/home/michael/omnetpp-6.0/lib -Wl,-rpath,/home/michael/omnetpp-6.0/tools/linux.x86_64/lib -Wl,-rpath,.  -Wl,--export-dynamic -L/home/michael/omnetpp-6.0/lib 
Building...
make[1]: Nothing to be done for 'all-pch'.
make[1]: Leaving directory '/home/michael/5GTQ/inet/src'
13:21:38 **** Incremental Build of configuration gcc-debug for project Simu5G ****
make MODE=debug -j20 all 
make[1]: Entering directory '/home/michael/5GTQ/Simu5G/src'
stack/mac/amc/NRAmc.cc
Creating shared library: ../out/clang-debug/src/libsimu5g_dbg.so
make[1]: Leaving directory '/home/michael/5GTQ/Simu5G/src'
13:21:42 **** Incremental Build of configuration debug for project tsnfivegcomm ****
make MODE=debug all 
make[1]: Entering directory '/home/michael/5GTQ/tsnfivegcomm/src'
make[1]: Nothing to be done for 'all'.
make[1]: Leaving directory '/home/michael/5GTQ/tsnfivegcomm/src'
13:23:38 **** Incremental Build of configuration debug for project inet ****
make MODE=debug -j20 all 
make[1]: Entering directory '/home/michael/5GTQ/inet/src'
*** CCACHE not detected - using precompiled headers
*** COMPILING with:
clang++ -c  -O0 -Wall -glldb -fstandalone-debug   -MMD -MP -MF .d  -fPIC  -Wno-deprecated-register -Wno-unused-function -fno-omit-frame-pointer -DHAVE_SWAPCONTEXT -DWITH_QTENV -DWITH_NETBUILDER  -Wno-overloaded-virtual -include inet/common/precompiled_debug.h -DOMNETPPLIBS_IMPORT -DINET_EXPORT -I. -I/home/michael/omnetpp-6.0/include
*** LINKING with:
clang++ -shared -fPIC -o ../out/clang-debug/src/libINET_dbg.so -Wl,--no-as-needed -Wl,--whole-archive  -Wl,--no-whole-archive -loppenvir_dbg -loppsim_dbg -lstdc++    -fuse-ld=lld -Wl,-rpath,/home/michael/omnetpp-6.0/lib -Wl,-rpath,/home/michael/omnetpp-6.0/tools/linux.x86_64/lib -Wl,-rpath,.  -Wl,--export-dynamic -L/home/michael/omnetpp-6.0/lib 
Building...
make[1]: Nothing to be done for 'all-pch'.
make[1]: Leaving directory '/home/michael/5GTQ/inet/src'
13:23:39 **** Incremental Build of configuration gcc-debug for project Simu5G ****
make MODE=debug -j20 all 
make[1]: Entering directory '/home/michael/5GTQ/Simu5G/src'
stack/mac/amc/NRAmc.cc
Creating shared library: ../out/clang-debug/src/libsimu5g_dbg.so
make[1]: Leaving directory '/home/michael/5GTQ/Simu5G/src'
13:23:42 **** Incremental Build of configuration debug for project tsnfivegcomm ****
make MODE=debug all 
make[1]: Entering directory '/home/michael/5GTQ/tsnfivegcomm/src'
make[1]: Nothing to be done for 'all'.
make[1]: Leaving directory '/home/michael/5GTQ/tsnfivegcomm/src'
13:26:07 **** Incremental Build of configuration debug for project inet ****
make MODE=debug -j20 all 
make[1]: Entering directory '/home/michael/5GTQ/inet/src'
*** CCACHE not detected - using precompiled headers
*** COMPILING with:
clang++ -c  -O0 -Wall -glldb -fstandalone-debug   -MMD -MP -MF .d  -fPIC  -Wno-deprecated-register -Wno-unused-function -fno-omit-frame-pointer -DHAVE_SWAPCONTEXT -DWITH_QTENV -DWITH_NETBUILDER  -Wno-overloaded-virtual -include inet/common/precompiled_debug.h -DOMNETPPLIBS_IMPORT -DINET_EXPORT -I. -I/home/michael/omnetpp-6.0/include
*** LINKING with:
clang++ -shared -fPIC -o ../out/clang-debug/src/libINET_dbg.so -Wl,--no-as-needed -Wl,--whole-archive  -Wl,--no-whole-archive -loppenvir_dbg -loppsim_dbg -lstdc++    -fuse-ld=lld -Wl,-rpath,/home/michael/omnetpp-6.0/lib -Wl,-rpath,/home/michael/omnetpp-6.0/tools/linux.x86_64/lib -Wl,-rpath,.  -Wl,--export-dynamic -L/home/michael/omnetpp-6.0/lib 
Building...
make[1]: Nothing to be done for 'all-pch'.
make[1]: Leaving directory '/home/michael/5GTQ/inet/src'
13:26:09 **** Incremental Build of configuration gcc-debug for project Simu5G ****
make MODE=debug -j20 all 
make[1]: Entering directory '/home/michael/5GTQ/Simu5G/src'
stack/mac/scheduling_modules/LteMaxCi.cc
In file included from stack/mac/scheduling_modules/LteMaxCi.cc:12:
In file included from ./stack/mac/scheduling_modules/LteMaxCi.h:15:
In file included from ./stack/mac/scheduler/LteScheduler.h:16:
In file included from ./stack/mac/layer/LteMacEnb.h:20:
./stack/sdap/utils/QosHandler.h:301:11: warning: variable 'qfi' set but not used [-Wunused-but-set-variable]
        auto qfi = 1;
             ^
./stack/sdap/utils/QosHandler.h:472:18: warning: 'QosHandlerUE::initialize' hides overloaded virtual function [-Woverloaded-virtual]
    virtual void initialize(int stage);
                 ^
./stack/sdap/utils/QosHandler.h:466:18: note: hidden overloaded virtual function 'QosHandler::initialize' declared here: different number of parameters (0 vs 1)
    virtual void initialize() override;
                 ^
./stack/sdap/utils/QosHandler.h:479:18: warning: 'QosHandlerGNB::initialize' hides overloaded virtual function [-Woverloaded-virtual]
    virtual void initialize(int stage);
                 ^
./stack/sdap/utils/QosHandler.h:466:18: note: hidden overloaded virtual function 'QosHandler::initialize' declared here: different number of parameters (0 vs 1)
    virtual void initialize() override;
                 ^
./stack/sdap/utils/QosHandler.h:486:18: warning: 'QosHandlerUPF::initialize' hides overloaded virtual function [-Woverloaded-virtual]
    virtual void initialize(int stage);
                 ^
./stack/sdap/utils/QosHandler.h:466:18: note: hidden overloaded virtual function 'QosHandler::initialize' declared here: different number of parameters (0 vs 1)
    virtual void initialize() override;
                 ^
4 warnings generated.
Creating shared library: ../out/clang-debug/src/libsimu5g_dbg.so
make[1]: Leaving directory '/home/michael/5GTQ/Simu5G/src'
13:26:12 **** Incremental Build of configuration debug for project tsnfivegcomm ****
make MODE=debug all 
make[1]: Entering directory '/home/michael/5GTQ/tsnfivegcomm/src'
make[1]: Nothing to be done for 'all'.
make[1]: Leaving directory '/home/michael/5GTQ/tsnfivegcomm/src'
13:26:56 **** Incremental Build of configuration debug for project inet ****
make MODE=debug -j20 all 
make[1]: Entering directory '/home/michael/5GTQ/inet/src'
*** CCACHE not detected - using precompiled headers
*** COMPILING with:
clang++ -c  -O0 -Wall -glldb -fstandalone-debug   -MMD -MP -MF .d  -fPIC  -Wno-deprecated-register -Wno-unused-function -fno-omit-frame-pointer -DHAVE_SWAPCONTEXT -DWITH_QTENV -DWITH_NETBUILDER  -Wno-overloaded-virtual -include inet/common/precompiled_debug.h -DOMNETPPLIBS_IMPORT -DINET_EXPORT -I. -I/home/michael/omnetpp-6.0/include
*** LINKING with:
clang++ -shared -fPIC -o ../out/clang-debug/src/libINET_dbg.so -Wl,--no-as-needed -Wl,--whole-archive  -Wl,--no-whole-archive -loppenvir_dbg -loppsim_dbg -lstdc++    -fuse-ld=lld -Wl,-rpath,/home/michael/omnetpp-6.0/lib -Wl,-rpath,/home/michael/omnetpp-6.0/tools/linux.x86_64/lib -Wl,-rpath,.  -Wl,--export-dynamic -L/home/michael/omnetpp-6.0/lib 
Building...
make[1]: Nothing to be done for 'all-pch'.
make[1]: Leaving directory '/home/michael/5GTQ/inet/src'
13:26:59 **** Incremental Build of configuration gcc-debug for project Simu5G ****
make MODE=debug -j20 all 
make[1]: Entering directory '/home/michael/5GTQ/Simu5G/src'
make[1]: Nothing to be done for 'all'.
make[1]: Leaving directory '/home/michael/5GTQ/Simu5G/src'
13:26:59 **** Incremental Build of configuration debug for project tsnfivegcomm ****
make MODE=debug all 
make[1]: Entering directory '/home/michael/5GTQ/tsnfivegcomm/src'
make[1]: Nothing to be done for 'all'.
make[1]: Leaving directory '/home/michael/5GTQ/tsnfivegcomm/src'
13:39:14 **** Incremental Build of configuration debug for project inet ****
make MODE=debug -j20 all 
make[1]: Entering directory '/home/michael/5GTQ/inet/src'
*** CCACHE not detected - using precompiled headers
*** COMPILING with:
clang++ -c  -O0 -Wall -glldb -fstandalone-debug   -MMD -MP -MF .d  -fPIC  -Wno-deprecated-register -Wno-unused-function -fno-omit-frame-pointer -DHAVE_SWAPCONTEXT -DWITH_QTENV -DWITH_NETBUILDER  -Wno-overloaded-virtual -include inet/common/precompiled_debug.h -DOMNETPPLIBS_IMPORT -DINET_EXPORT -I. -I/home/michael/omnetpp-6.0/include
*** LINKING with:
clang++ -shared -fPIC -o ../out/clang-debug/src/libINET_dbg.so -Wl,--no-as-needed -Wl,--whole-archive  -Wl,--no-whole-archive -loppenvir_dbg -loppsim_dbg -lstdc++    -fuse-ld=lld -Wl,-rpath,/home/michael/omnetpp-6.0/lib -Wl,-rpath,/home/michael/omnetpp-6.0/tools/linux.x86_64/lib -Wl,-rpath,.  -Wl,--export-dynamic -L/home/michael/omnetpp-6.0/lib 
Building...
make[1]: Nothing to be done for 'all-pch'.
make[1]: Leaving directory '/home/michael/5GTQ/inet/src'
13:39:15 **** Incremental Build of configuration gcc-debug for project Simu5G ****
make MODE=debug -j20 all 
make[1]: Entering directory '/home/michael/5GTQ/Simu5G/src'
make[1]: Nothing to be done for 'all'.
make[1]: Leaving directory '/home/michael/5GTQ/Simu5G/src'
13:39:16 **** Incremental Build of configuration debug for project tsnfivegcomm ****
make MODE=debug all 
make[1]: Entering directory '/home/michael/5GTQ/tsnfivegcomm/src'
make[1]: Nothing to be done for 'all'.
make[1]: Leaving directory '/home/michael/5GTQ/tsnfivegcomm/src'
13:42:22 **** Incremental Build of configuration debug for project inet ****
make MODE=debug -j20 all 
make[1]: Entering directory '/home/michael/5GTQ/inet/src'
*** CCACHE not detected - using precompiled headers
*** COMPILING with:
clang++ -c  -O0 -Wall -glldb -fstandalone-debug   -MMD -MP -MF .d  -fPIC  -Wno-deprecated-register -Wno-unused-function -fno-omit-frame-pointer -DHAVE_SWAPCONTEXT -DWITH_QTENV -DWITH_NETBUILDER  -Wno-overloaded-virtual -include inet/common/precompiled_debug.h -DOMNETPPLIBS_IMPORT -DINET_EXPORT -I. -I/home/michael/omnetpp-6.0/include
*** LINKING with:
clang++ -shared -fPIC -o ../out/clang-debug/src/libINET_dbg.so -Wl,--no-as-needed -Wl,--whole-archive  -Wl,--no-whole-archive -loppenvir_dbg -loppsim_dbg -lstdc++    -fuse-ld=lld -Wl,-rpath,/home/michael/omnetpp-6.0/lib -Wl,-rpath,/home/michael/omnetpp-6.0/tools/linux.x86_64/lib -Wl,-rpath,.  -Wl,--export-dynamic -L/home/michael/omnetpp-6.0/lib 
Building...
make[1]: Nothing to be done for 'all-pch'.
make[1]: Leaving directory '/home/michael/5GTQ/inet/src'
13:42:24 **** Incremental Build of configuration gcc-debug for project Simu5G ****
make MODE=debug -j20 all 
make[1]: Entering directory '/home/michael/5GTQ/Simu5G/src'
make[1]: Nothing to be done for 'all'.
make[1]: Leaving directory '/home/michael/5GTQ/Simu5G/src'
13:42:24 **** Incremental Build of configuration debug for project tsnfivegcomm ****
make MODE=debug all 
make[1]: Entering directory '/home/michael/5GTQ/tsnfivegcomm/src'
make[1]: Nothing to be done for 'all'.
make[1]: Leaving directory '/home/michael/5GTQ/tsnfivegcomm/src'
14:01:05 **** Incremental Build of configuration debug for project inet ****
make MODE=debug -j20 all 
make[1]: Entering directory '/home/michael/5GTQ/inet/src'
*** CCACHE not detected - using precompiled headers
*** COMPILING with:
clang++ -c  -O0 -Wall -glldb -fstandalone-debug   -MMD -MP -MF .d  -fPIC  -Wno-deprecated-register -Wno-unused-function -fno-omit-frame-pointer -DHAVE_SWAPCONTEXT -DWITH_QTENV -DWITH_NETBUILDER  -Wno-overloaded-virtual -include inet/common/precompiled_debug.h -DOMNETPPLIBS_IMPORT -DINET_EXPORT -I. -I/home/michael/omnetpp-6.0/include
*** LINKING with:
clang++ -shared -fPIC -o ../out/clang-debug/src/libINET_dbg.so -Wl,--no-as-needed -Wl,--whole-archive  -Wl,--no-whole-archive -loppenvir_dbg -loppsim_dbg -lstdc++    -fuse-ld=lld -Wl,-rpath,/home/michael/omnetpp-6.0/lib -Wl,-rpath,/home/michael/omnetpp-6.0/tools/linux.x86_64/lib -Wl,-rpath,.  -Wl,--export-dynamic -L/home/michael/omnetpp-6.0/lib 
Building...
make[1]: Nothing to be done for 'all-pch'.
make[1]: Leaving directory '/home/michael/5GTQ/inet/src'
14:01:07 **** Incremental Build of configuration gcc-debug for project Simu5G ****
make MODE=debug -j20 all 
make[1]: Entering directory '/home/michael/5GTQ/Simu5G/src'
make[1]: Nothing to be done for 'all'.
make[1]: Leaving directory '/home/michael/5GTQ/Simu5G/src'
14:01:07 **** Incremental Build of configuration debug for project tsnfivegcomm ****
make MODE=debug all 
make[1]: Entering directory '/home/michael/5GTQ/tsnfivegcomm/src'
make[1]: Nothing to be done for 'all'.
make[1]: Leaving directory '/home/michael/5GTQ/tsnfivegcomm/src'
14:09:19 **** Incremental Build of configuration debug for project inet ****
make MODE=debug -j20 all 
make[1]: Entering directory '/home/michael/5GTQ/inet/src'
*** CCACHE not detected - using precompiled headers
*** COMPILING with:
clang++ -c  -O0 -Wall -glldb -fstandalone-debug   -MMD -MP -MF .d  -fPIC  -Wno-deprecated-register -Wno-unused-function -fno-omit-frame-pointer -DHAVE_SWAPCONTEXT -DWITH_QTENV -DWITH_NETBUILDER  -Wno-overloaded-virtual -include inet/common/precompiled_debug.h -DOMNETPPLIBS_IMPORT -DINET_EXPORT -I. -I/home/michael/omnetpp-6.0/include
*** LINKING with:
clang++ -shared -fPIC -o ../out/clang-debug/src/libINET_dbg.so -Wl,--no-as-needed -Wl,--whole-archive  -Wl,--no-whole-archive -loppenvir_dbg -loppsim_dbg -lstdc++    -fuse-ld=lld -Wl,-rpath,/home/michael/omnetpp-6.0/lib -Wl,-rpath,/home/michael/omnetpp-6.0/tools/linux.x86_64/lib -Wl,-rpath,.  -Wl,--export-dynamic -L/home/michael/omnetpp-6.0/lib 
Building...
make[1]: Nothing to be done for 'all-pch'.
make[1]: Leaving directory '/home/michael/5GTQ/inet/src'
14:09:21 **** Incremental Build of configuration gcc-debug for project Simu5G ****
make MODE=debug -j20 all 
make[1]: Entering directory '/home/michael/5GTQ/Simu5G/src'
make[1]: Nothing to be done for 'all'.
make[1]: Leaving directory '/home/michael/5GTQ/Simu5G/src'
14:09:21 **** Incremental Build of configuration debug for project tsnfivegcomm ****
make MODE=debug all 
make[1]: Entering directory '/home/michael/5GTQ/tsnfivegcomm/src'
make[1]: Nothing to be done for 'all'.
make[1]: Leaving directory '/home/michael/5GTQ/tsnfivegcomm/src'
